<?xml version="1.0" encoding="UTF-8"?>
<!-- Generated by org.testng.reporters.JUnitXMLReporter -->
<testsuite hostname="HIBACL58615" ignored="0" name="Command line test" tests="10" failures="0" timestamp="11 Dec 2018 19:35:56 GMT" time="760.335" errors="0">
  <testcase name="createReadAndDeleteComputerFromDatabase" time="55.096" classname="com.backbase.automation.testcases.BackBaseCRUDTest"/>
  <testcase name="cancelCreationOfComputerFromDatabase" time="34.313" classname="com.backbase.automation.testcases.BackBaseEdgeTest"/>
  <testcase name="updateAndReadComputerFromDatabase" time="91.509" classname="com.backbase.automation.testcases.BackBaseCRUDTest"/>
  <testcase name="checkCreationOfComputerWithoutComputerNameFromDatabase" time="10.94" classname="com.backbase.automation.testcases.BackBaseEdgeTest"/>
  <testcase name="creatReadUpdateAndDeleteComputerFromDatabase" time="92.206" classname="com.backbase.automation.testcases.BackBaseCRUDTest"/>
  <testcase name="createAndReadComputerWithOnlyComputerNameFromDatabase" time="51.466" classname="com.backbase.automation.testcases.BackBaseEdgeTest"/>
  <testcase name="createAndReadComputerWithoutDatesToDatabase" time="52.727" classname="com.backbase.automation.testcases.BackBaseEdgeTest"/>
  <testcase name="cancelUpdateComputerFromDatabase" time="86.869" classname="com.backbase.automation.testcases.BackBaseEdgeTest"/>
  <testcase name="checkSavingDuplicateComputersToDatabase" time="54.669" classname="com.backbase.automation.testcases.BackBaseEdgeTest"/>
  <testcase name="checkUpdateComputerByRemovingComputerNameFromDatabase" time="91.365" classname="com.backbase.automation.testcases.BackBaseEdgeTest"/>
</testsuite> <!-- Command line test -->
