<?xml version="1.0" encoding="UTF-8"?>
<!-- Generated by org.testng.reporters.JUnitXMLReporter -->
<testsuite hostname="HIBACL58615" ignored="0" name="CRUD Test Cases" tests="10" failures="0" timestamp="11 Dec 2018 16:30:33 GMT" time="607.119" errors="0">
  <testcase name="createReadAndDeleteComputerFromDatabase" time="37.919" classname="com.backbase.automation.testcases.BackBaseCRUDTest"/>
  <testcase name="cancelCreationOfComputerFromDatabase" time="13.489" classname="com.backbase.automation.testcases.BackBaseEdgeTest"/>
  <testcase name="updateAndReadComputerFromDatabase" time="57.239" classname="com.backbase.automation.testcases.BackBaseCRUDTest"/>
  <testcase name="checkCreationOfComputerWithoutComputerNameFromDatabase" time="10.806" classname="com.backbase.automation.testcases.BackBaseEdgeTest"/>
  <testcase name="creatReadUpdateAndDeleteComputerFromDatabase" time="52.882" classname="com.backbase.automation.testcases.BackBaseCRUDTest"/>
  <testcase name="createAndReadComputerWithOnlyComputerNameFromDatabase" time="35.179" classname="com.backbase.automation.testcases.BackBaseEdgeTest"/>
  <testcase name="createAndReadComputerWithoutDatesToDatabase" time="33.763" classname="com.backbase.automation.testcases.BackBaseEdgeTest"/>
  <testcase name="cancelUpdateComputerFromDatabase" time="47.973" classname="com.backbase.automation.testcases.BackBaseEdgeTest"/>
  <testcase name="checkSavingDuplicateComputersToDatabase" time="59.255" classname="com.backbase.automation.testcases.BackBaseEdgeTest"/>
  <testcase name="checkUpdateComputerByRemovingComputerNameFromDatabase" time="52.217" classname="com.backbase.automation.testcases.BackBaseEdgeTest"/>
</testsuite> <!-- CRUD Test Cases -->
