<?xml version="1.0" encoding="UTF-8" ?>
<testsuite tests="20" failures="1" name="TestSuite" time="5.711" errors="0" skipped="19">
  <properties>
[...]
</properties>
  <testcase classname="com.backbase.automation.testcases.BackBaseCRUDTest" name="setUp" time="0.284">
    <failure message="The driver is not executable: /Users/photosapi/BackBaseHomeTest-Pratyush/BackBaseTest/BackBaseTest/src/main/resources/bin/macosx/chromedriver" type="java.lang.IllegalStateException">java.lang.IllegalStateException: The driver is not executable: /Users/photosapi/BackBaseHomeTest-Pratyush/BackBaseTest/BackBaseTest/src/main/resources/bin/macosx/chromedriver
	at com.google.common.base.Preconditions.checkState(Preconditions.java:518)
	at org.openqa.selenium.remote.service.DriverService.checkExecutable(DriverService.java:140)
	at org.openqa.selenium.remote.service.DriverService.findExecutable(DriverService.java:131)
	at org.openqa.selenium.chrome.ChromeDriverService.access$000(ChromeDriverService.java:32)
	at org.openqa.selenium.chrome.ChromeDriverService$Builder.findDefaultExecutable(ChromeDriverService.java:137)
	at org.openqa.selenium.remote.service.DriverService$Builder.build(DriverService.java:330)
	at org.openqa.selenium.chrome.ChromeDriverService.createDefaultService(ChromeDriverService.java:88)
	at org.openqa.selenium.chrome.ChromeDriver.&lt;init&gt;(ChromeDriver.java:124)
	at com.backbase.automation.ui.basetest.TestBase.initialization(TestBase.java:53)
	at com.backbase.automation.ui.basetest.TestBase.setUp(TestBase.java:92)
	at sun.reflect.NativeMethodAccessorImpl.invoke0(Native Method)
	at sun.reflect.NativeMethodAccessorImpl.invoke(NativeMethodAccessorImpl.java:62)
	at sun.reflect.DelegatingMethodAccessorImpl.invoke(DelegatingMethodAccessorImpl.java:43)
	at java.lang.reflect.Method.invoke(Method.java:498)
	at org.testng.internal.MethodInvocationHelper.invokeMethod(MethodInvocationHelper.java:108)
	at org.testng.internal.Invoker.invokeConfigurationMethod(Invoker.java:523)
	at org.testng.internal.Invoker.invokeConfigurations(Invoker.java:224)
	at org.testng.internal.Invoker.invokeMethod(Invoker.java:599)
	at org.testng.internal.Invoker.invokeTestMethod(Invoker.java:869)
	at org.testng.internal.Invoker.invokeTestMethods(Invoker.java:1193)
	at org.testng.internal.TestMethodWorker.invokeTestMethods(TestMethodWorker.java:126)
	at org.testng.internal.TestMethodWorker.run(TestMethodWorker.java:109)
	at org.testng.TestRunner.privateRun(TestRunner.java:744)
	at org.testng.TestRunner.run(TestRunner.java:602)
	at org.testng.SuiteRunner.runTest(SuiteRunner.java:380)
	at org.testng.SuiteRunner.runSequentially(SuiteRunner.java:375)
	at org.testng.SuiteRunner.privateRun(SuiteRunner.java:340)
	at org.testng.SuiteRunner.run(SuiteRunner.java:289)
	at org.testng.SuiteRunnerWorker.runSuite(SuiteRunnerWorker.java:52)
	at org.testng.SuiteRunnerWorker.run(SuiteRunnerWorker.java:86)
	at org.testng.TestNG.runSuitesSequentially(TestNG.java:1301)
	at org.testng.TestNG.runSuitesLocally(TestNG.java:1226)
	at org.testng.TestNG.runSuites(TestNG.java:1144)
	at org.testng.TestNG.run(TestNG.java:1115)
	at org.apache.maven.surefire.testng.TestNGExecutor.run(TestNGExecutor.java:77)
	at org.apache.maven.surefire.testng.TestNGDirectoryTestSuite.executeMulti(TestNGDirectoryTestSuite.java:159)
	at org.apache.maven.surefire.testng.TestNGDirectoryTestSuite.execute(TestNGDirectoryTestSuite.java:99)
	at org.apache.maven.surefire.testng.TestNGProvider.invoke(TestNGProvider.java:106)
	at sun.reflect.NativeMethodAccessorImpl.invoke0(Native Method)
	at sun.reflect.NativeMethodAccessorImpl.invoke(NativeMethodAccessorImpl.java:62)
	at sun.reflect.DelegatingMethodAccessorImpl.invoke(DelegatingMethodAccessorImpl.java:43)
	at java.lang.reflect.Method.invoke(Method.java:498)
	at org.apache.maven.surefire.util.ReflectionUtils.invokeMethodWithArray(ReflectionUtils.java:189)
	at org.apache.maven.surefire.booter.ProviderFactory$ProviderProxy.invoke(ProviderFactory.java:165)
	at org.apache.maven.surefire.booter.ProviderFactory.invokeProvider(ProviderFactory.java:85)
	at org.apache.maven.surefire.booter.ForkedBooter.runSuitesInProcess(ForkedBooter.java:115)
	at org.apache.maven.surefire.booter.ForkedBooter.main(ForkedBooter.java:75)
</failure>
    <system-out>Configuring TestNG with: org.apache.maven.surefire.testng.conf.TestNG652Configurator@2f333739
</system-out>
  </testcase>
  <testcase classname="com.backbase.automation.testcases.BackBaseCRUDTest" name="createReadAndDeleteComputerFromDatabase" time="0.285">
    <skipped/>
  </testcase>
  <testcase classname="com.backbase.automation.testcases.BackBaseEdgeTest" name="setUp" time="0.285">
    <skipped/>
  </testcase>
  <testcase classname="com.backbase.automation.testcases.BackBaseEdgeTest" name="cancelCreationOfComputerFromDatabase" time="0.285">
    <skipped/>
  </testcase>
  <testcase classname="com.backbase.automation.testcases.BackBaseCRUDTest" name="setUp" time="0.285">
    <skipped/>
  </testcase>
  <testcase classname="com.backbase.automation.testcases.BackBaseCRUDTest" name="updateAndReadComputerFromDatabase" time="0.285">
    <skipped/>
  </testcase>
  <testcase classname="com.backbase.automation.testcases.BackBaseEdgeTest" name="setUp" time="0.285">
    <skipped/>
  </testcase>
  <testcase classname="com.backbase.automation.testcases.BackBaseEdgeTest" name="checkCreationOfComputerWithoutComputerNameFromDatabase" time="0.285">
    <skipped/>
  </testcase>
  <testcase classname="com.backbase.automation.testcases.BackBaseCRUDTest" name="setUp" time="0.285">
    <skipped/>
  </testcase>
  <testcase classname="com.backbase.automation.testcases.BackBaseCRUDTest" name="creatReadUpdateAndDeleteComputerFromDatabase" time="0.285">
    <skipped/>
  </testcase>
  <testcase classname="com.backbase.automation.testcases.BackBaseEdgeTest" name="setUp" time="0.285">
    <skipped/>
  </testcase>
  <testcase classname="com.backbase.automation.testcases.BackBaseEdgeTest" name="createAndReadComputerWithOnlyComputerNameFromDatabase" time="0.285">
    <skipped/>
  </testcase>
  <testcase classname="com.backbase.automation.testcases.BackBaseEdgeTest" name="setUp" time="0.286">
    <skipped/>
  </testcase>
  <testcase classname="com.backbase.automation.testcases.BackBaseEdgeTest" name="createAndReadComputerWithoutDatesToDatabase" time="0.286">
    <skipped/>
  </testcase>
  <testcase classname="com.backbase.automation.testcases.BackBaseEdgeTest" name="setUp" time="0.286">
    <skipped/>
  </testcase>
  <testcase classname="com.backbase.automation.testcases.BackBaseEdgeTest" name="cancelUpdateComputerFromDatabase" time="0.286">
    <skipped/>
  </testcase>
  <testcase classname="com.backbase.automation.testcases.BackBaseEdgeTest" name="setUp" time="0.287">
    <skipped/>
  </testcase>
  <testcase classname="com.backbase.automation.testcases.BackBaseEdgeTest" name="checkSavingDuplicateComputersToDatabase" time="0.287">
    <skipped/>
  </testcase>
  <testcase classname="com.backbase.automation.testcases.BackBaseEdgeTest" name="setUp" time="0.287">
    <skipped/>
  </testcase>
  <testcase classname="com.backbase.automation.testcases.BackBaseEdgeTest" name="checkUpdateComputerByRemovingComputerNameFromDatabase" time="0.287">
    <skipped/>
  </testcase>
</testsuite>