<?xml version="1.0" encoding="UTF-8"?>
<testng-results skipped="0" failed="0" ignored="0" total="10" passed="10">
  <reporter-output>
  </reporter-output>
  <suite name="Command line suite" duration-ms="760335" started-at="2018-12-11T19:23:16Z" finished-at="2018-12-11T19:35:56Z">
    <groups>
    </groups>
    <test name="Command line test" duration-ms="760335" started-at="2018-12-11T19:23:16Z" finished-at="2018-12-11T19:35:56Z">
      <class name="com.backbase.automation.testcases.BackBaseCRUDTest">
        <test-method status="PASS" signature="setUp()[pri:0, instance:com.backbase.automation.testcases.BackBaseCRUDTest@69d9c55]" name="setUp" is-config="true" duration-ms="11306" started-at="2018-12-12T00:53:16Z" finished-at="2018-12-12T00:53:27Z">
          <reporter-output>
          </reporter-output>
        </test-method> <!-- setUp -->
        <test-method status="PASS" signature="createReadAndDeleteComputerFromDatabase()[pri:1, instance:com.backbase.automation.testcases.BackBaseCRUDTest@69d9c55]" name="createReadAndDeleteComputerFromDatabase" duration-ms="55096" started-at="2018-12-12T00:53:27Z" finished-at="2018-12-12T00:54:22Z">
          <reporter-output>
          </reporter-output>
        </test-method> <!-- createReadAndDeleteComputerFromDatabase -->
        <test-method status="PASS" signature="tearDown()[pri:0, instance:com.backbase.automation.testcases.BackBaseCRUDTest@69d9c55]" name="tearDown" is-config="true" duration-ms="4731" started-at="2018-12-12T00:54:22Z" finished-at="2018-12-12T00:54:27Z">
          <reporter-output>
          </reporter-output>
        </test-method> <!-- tearDown -->
        <test-method status="PASS" signature="setUp()[pri:0, instance:com.backbase.automation.testcases.BackBaseCRUDTest@69d9c55]" name="setUp" is-config="true" duration-ms="9003" started-at="2018-12-12T00:55:15Z" finished-at="2018-12-12T00:55:24Z">
          <reporter-output>
          </reporter-output>
        </test-method> <!-- setUp -->
        <test-method status="PASS" signature="updateAndReadComputerFromDatabase()[pri:2, instance:com.backbase.automation.testcases.BackBaseCRUDTest@69d9c55]" name="updateAndReadComputerFromDatabase" duration-ms="91509" started-at="2018-12-12T00:55:24Z" finished-at="2018-12-12T00:56:56Z">
          <reporter-output>
          </reporter-output>
        </test-method> <!-- updateAndReadComputerFromDatabase -->
        <test-method status="PASS" signature="tearDown()[pri:0, instance:com.backbase.automation.testcases.BackBaseCRUDTest@69d9c55]" name="tearDown" is-config="true" duration-ms="4188" started-at="2018-12-12T00:56:56Z" finished-at="2018-12-12T00:57:00Z">
          <reporter-output>
          </reporter-output>
        </test-method> <!-- tearDown -->
        <test-method status="PASS" signature="setUp()[pri:0, instance:com.backbase.automation.testcases.BackBaseCRUDTest@69d9c55]" name="setUp" is-config="true" duration-ms="9102" started-at="2018-12-12T00:57:24Z" finished-at="2018-12-12T00:57:33Z">
          <reporter-output>
          </reporter-output>
        </test-method> <!-- setUp -->
        <test-method status="PASS" signature="creatReadUpdateAndDeleteComputerFromDatabase()[pri:3, instance:com.backbase.automation.testcases.BackBaseCRUDTest@69d9c55]" name="creatReadUpdateAndDeleteComputerFromDatabase" duration-ms="92206" started-at="2018-12-12T00:57:33Z" finished-at="2018-12-12T00:59:06Z">
          <reporter-output>
          </reporter-output>
        </test-method> <!-- creatReadUpdateAndDeleteComputerFromDatabase -->
        <test-method status="PASS" signature="tearDown()[pri:0, instance:com.backbase.automation.testcases.BackBaseCRUDTest@69d9c55]" name="tearDown" is-config="true" duration-ms="4511" started-at="2018-12-12T00:59:06Z" finished-at="2018-12-12T00:59:10Z">
          <reporter-output>
          </reporter-output>
        </test-method> <!-- tearDown -->
      </class> <!-- com.backbase.automation.testcases.BackBaseCRUDTest -->
      <class name="com.backbase.automation.testcases.BackBaseEdgeTest">
        <test-method status="PASS" signature="setUp()[pri:0, instance:com.backbase.automation.testcases.BackBaseEdgeTest@13a57a3b]" name="setUp" is-config="true" duration-ms="9044" started-at="2018-12-12T00:54:27Z" finished-at="2018-12-12T00:54:36Z">
          <reporter-output>
          </reporter-output>
        </test-method> <!-- setUp -->
        <test-method status="PASS" signature="cancelCreationOfComputerFromDatabase()[pri:1, instance:com.backbase.automation.testcases.BackBaseEdgeTest@13a57a3b]" name="cancelCreationOfComputerFromDatabase" duration-ms="34313" started-at="2018-12-12T00:54:36Z" finished-at="2018-12-12T00:55:11Z">
          <reporter-output>
          </reporter-output>
        </test-method> <!-- cancelCreationOfComputerFromDatabase -->
        <test-method status="PASS" signature="tearDown()[pri:0, instance:com.backbase.automation.testcases.BackBaseEdgeTest@13a57a3b]" name="tearDown" is-config="true" duration-ms="4907" started-at="2018-12-12T00:55:11Z" finished-at="2018-12-12T00:55:15Z">
          <reporter-output>
          </reporter-output>
        </test-method> <!-- tearDown -->
        <test-method status="PASS" signature="setUp()[pri:0, instance:com.backbase.automation.testcases.BackBaseEdgeTest@13a57a3b]" name="setUp" is-config="true" duration-ms="8782" started-at="2018-12-12T00:57:00Z" finished-at="2018-12-12T00:57:09Z">
          <reporter-output>
          </reporter-output>
        </test-method> <!-- setUp -->
        <test-method status="PASS" signature="checkCreationOfComputerWithoutComputerNameFromDatabase()[pri:2, instance:com.backbase.automation.testcases.BackBaseEdgeTest@13a57a3b]" name="checkCreationOfComputerWithoutComputerNameFromDatabase" duration-ms="10940" started-at="2018-12-12T00:57:09Z" finished-at="2018-12-12T00:57:20Z">
          <reporter-output>
          </reporter-output>
        </test-method> <!-- checkCreationOfComputerWithoutComputerNameFromDatabase -->
        <test-method status="PASS" signature="tearDown()[pri:0, instance:com.backbase.automation.testcases.BackBaseEdgeTest@13a57a3b]" name="tearDown" is-config="true" duration-ms="4459" started-at="2018-12-12T00:57:20Z" finished-at="2018-12-12T00:57:24Z">
          <reporter-output>
          </reporter-output>
        </test-method> <!-- tearDown -->
        <test-method status="PASS" signature="setUp()[pri:0, instance:com.backbase.automation.testcases.BackBaseEdgeTest@13a57a3b]" name="setUp" is-config="true" duration-ms="9794" started-at="2018-12-12T00:59:10Z" finished-at="2018-12-12T00:59:20Z">
          <reporter-output>
          </reporter-output>
        </test-method> <!-- setUp -->
        <test-method status="PASS" signature="createAndReadComputerWithOnlyComputerNameFromDatabase()[pri:3, instance:com.backbase.automation.testcases.BackBaseEdgeTest@13a57a3b]" name="createAndReadComputerWithOnlyComputerNameFromDatabase" duration-ms="51466" started-at="2018-12-12T00:59:20Z" finished-at="2018-12-12T01:00:11Z">
          <reporter-output>
          </reporter-output>
        </test-method> <!-- createAndReadComputerWithOnlyComputerNameFromDatabase -->
        <test-method status="PASS" signature="tearDown()[pri:0, instance:com.backbase.automation.testcases.BackBaseEdgeTest@13a57a3b]" name="tearDown" is-config="true" duration-ms="4482" started-at="2018-12-12T01:00:11Z" finished-at="2018-12-12T01:00:16Z">
          <reporter-output>
          </reporter-output>
        </test-method> <!-- tearDown -->
        <test-method status="PASS" signature="setUp()[pri:0, instance:com.backbase.automation.testcases.BackBaseEdgeTest@13a57a3b]" name="setUp" is-config="true" duration-ms="9221" started-at="2018-12-12T01:00:16Z" finished-at="2018-12-12T01:00:25Z">
          <reporter-output>
          </reporter-output>
        </test-method> <!-- setUp -->
        <test-method status="PASS" signature="createAndReadComputerWithoutDatesToDatabase()[pri:4, instance:com.backbase.automation.testcases.BackBaseEdgeTest@13a57a3b]" name="createAndReadComputerWithoutDatesToDatabase" duration-ms="52727" started-at="2018-12-12T01:00:25Z" finished-at="2018-12-12T01:01:18Z">
          <reporter-output>
          </reporter-output>
        </test-method> <!-- createAndReadComputerWithoutDatesToDatabase -->
        <test-method status="PASS" signature="tearDown()[pri:0, instance:com.backbase.automation.testcases.BackBaseEdgeTest@13a57a3b]" name="tearDown" is-config="true" duration-ms="4644" started-at="2018-12-12T01:01:18Z" finished-at="2018-12-12T01:01:22Z">
          <reporter-output>
          </reporter-output>
        </test-method> <!-- tearDown -->
        <test-method status="PASS" signature="setUp()[pri:0, instance:com.backbase.automation.testcases.BackBaseEdgeTest@13a57a3b]" name="setUp" is-config="true" duration-ms="9149" started-at="2018-12-12T01:01:22Z" finished-at="2018-12-12T01:01:32Z">
          <reporter-output>
          </reporter-output>
        </test-method> <!-- setUp -->
        <test-method status="PASS" signature="cancelUpdateComputerFromDatabase()[pri:5, instance:com.backbase.automation.testcases.BackBaseEdgeTest@13a57a3b]" name="cancelUpdateComputerFromDatabase" duration-ms="86869" started-at="2018-12-12T01:01:32Z" finished-at="2018-12-12T01:02:58Z">
          <reporter-output>
          </reporter-output>
        </test-method> <!-- cancelUpdateComputerFromDatabase -->
        <test-method status="PASS" signature="tearDown()[pri:0, instance:com.backbase.automation.testcases.BackBaseEdgeTest@13a57a3b]" name="tearDown" is-config="true" duration-ms="4459" started-at="2018-12-12T01:02:58Z" finished-at="2018-12-12T01:03:03Z">
          <reporter-output>
          </reporter-output>
        </test-method> <!-- tearDown -->
        <test-method status="PASS" signature="setUp()[pri:0, instance:com.backbase.automation.testcases.BackBaseEdgeTest@13a57a3b]" name="setUp" is-config="true" duration-ms="9031" started-at="2018-12-12T01:03:03Z" finished-at="2018-12-12T01:03:12Z">
          <reporter-output>
          </reporter-output>
        </test-method> <!-- setUp -->
        <test-method status="PASS" signature="checkSavingDuplicateComputersToDatabase()[pri:6, instance:com.backbase.automation.testcases.BackBaseEdgeTest@13a57a3b]" name="checkSavingDuplicateComputersToDatabase" duration-ms="54669" started-at="2018-12-12T01:03:12Z" finished-at="2018-12-12T01:04:07Z">
          <reporter-output>
          </reporter-output>
        </test-method> <!-- checkSavingDuplicateComputersToDatabase -->
        <test-method status="PASS" signature="tearDown()[pri:0, instance:com.backbase.automation.testcases.BackBaseEdgeTest@13a57a3b]" name="tearDown" is-config="true" duration-ms="4680" started-at="2018-12-12T01:04:07Z" finished-at="2018-12-12T01:04:11Z">
          <reporter-output>
          </reporter-output>
        </test-method> <!-- tearDown -->
        <test-method status="PASS" signature="setUp()[pri:0, instance:com.backbase.automation.testcases.BackBaseEdgeTest@13a57a3b]" name="setUp" is-config="true" duration-ms="8993" started-at="2018-12-12T01:04:11Z" finished-at="2018-12-12T01:04:20Z">
          <reporter-output>
          </reporter-output>
        </test-method> <!-- setUp -->
        <test-method status="PASS" signature="checkUpdateComputerByRemovingComputerNameFromDatabase()[pri:7, instance:com.backbase.automation.testcases.BackBaseEdgeTest@13a57a3b]" name="checkUpdateComputerByRemovingComputerNameFromDatabase" duration-ms="91365" started-at="2018-12-12T01:04:20Z" finished-at="2018-12-12T01:05:52Z">
          <reporter-output>
          </reporter-output>
        </test-method> <!-- checkUpdateComputerByRemovingComputerNameFromDatabase -->
        <test-method status="PASS" signature="tearDown()[pri:0, instance:com.backbase.automation.testcases.BackBaseEdgeTest@13a57a3b]" name="tearDown" is-config="true" duration-ms="4642" started-at="2018-12-12T01:05:52Z" finished-at="2018-12-12T01:05:56Z">
          <reporter-output>
          </reporter-output>
        </test-method> <!-- tearDown -->
      </class> <!-- com.backbase.automation.testcases.BackBaseEdgeTest -->
    </test> <!-- Command line test -->
  </suite> <!-- Command line suite -->
</testng-results>
