<?xml version="1.0" encoding="UTF-8"?>
<!-- Generated by org.testng.reporters.JUnitXMLReporter -->
<testsuite hostname="HIBACL58615" ignored="6" name="Default test" tests="1" failures="0" timestamp="11 Dec 2018 19:21:17 GMT" time="89.374" errors="0">
  <testcase name="checkUpdateComputerByRemovingComputerNameFromDatabase" time="73.403" classname="com.backbase.automation.testcases.BackBaseEdgeTest"/>
  <testcase name="createAndReadComputerWithOnlyComputerNameFromDatabase" time="0.0" classname="com.backbase.automation.testcases.BackBaseEdgeTest">
    <ignored/>
  </testcase> <!-- createAndReadComputerWithOnlyComputerNameFromDatabase -->
  <testcase name="checkCreationOfComputerWithoutComputerNameFromDatabase" time="0.0" classname="com.backbase.automation.testcases.BackBaseEdgeTest">
    <ignored/>
  </testcase> <!-- checkCreationOfComputerWithoutComputerNameFromDatabase -->
  <testcase name="cancelCreationOfComputerFromDatabase" time="0.0" classname="com.backbase.automation.testcases.BackBaseEdgeTest">
    <ignored/>
  </testcase> <!-- cancelCreationOfComputerFromDatabase -->
  <testcase name="checkSavingDuplicateComputersToDatabase" time="0.0" classname="com.backbase.automation.testcases.BackBaseEdgeTest">
    <ignored/>
  </testcase> <!-- checkSavingDuplicateComputersToDatabase -->
  <testcase name="cancelUpdateComputerFromDatabase" time="0.0" classname="com.backbase.automation.testcases.BackBaseEdgeTest">
    <ignored/>
  </testcase> <!-- cancelUpdateComputerFromDatabase -->
  <testcase name="createAndReadComputerWithoutDatesToDatabase" time="0.0" classname="com.backbase.automation.testcases.BackBaseEdgeTest">
    <ignored/>
  </testcase> <!-- createAndReadComputerWithoutDatesToDatabase -->
</testsuite> <!-- Default test -->
