<?xml version="1.0" encoding="UTF-8"?>
<!-- Generated by org.testng.reporters.JUnitXMLReporter -->
<testsuite hostname="Pratyushs-MacBook-Pro.local" ignored="2" name="Default test" tests="1" failures="0" timestamp="11 Dec 2018 21:10:39 GMT" time="49.316" errors="0">
  <testcase name="createReadAndDeleteComputerFromDatabase" time="44.492" classname="com.backbase.automation.testcases.BackBaseCRUDTest"/>
  <testcase name="updateAndReadComputerFromDatabase" time="0.0" classname="com.backbase.automation.testcases.BackBaseCRUDTest">
    <ignored/>
  </testcase> <!-- updateAndReadComputerFromDatabase -->
  <testcase name="creatReadUpdateAndDeleteComputerFromDatabase" time="0.0" classname="com.backbase.automation.testcases.BackBaseCRUDTest">
    <ignored/>
  </testcase> <!-- creatReadUpdateAndDeleteComputerFromDatabase -->
</testsuite> <!-- Default test -->
